┌															┐
   user.home : /root
   java.home : /usr/lib/jvm/java-17-amazon-corretto.x86_64
   java.vendor : Amazon.com Inc.
   java.version : 17.0.11
   os.name : Linux
   os.arch : amd64
   os.version : 6.1.94-99.176.amzn2023.x86_64
   sun.cpu.endian : little
   user.timezone : UTC
   file.encoding : UTF-8
└															┘
03:00:02 [sckmenv] IDX:[0] computeUpdate() - lastModified(2025-11-11 03:00:00), calendar(2025-11-12 03:00:00)
03:00:02 [DEBUG] IDX(0) retryCnt : 0
03:00:02 [INFO] IDX:[0] BACKUPEXT:[1] Update Time
03:00:02 [INFO] clearOldKeyFiles :: 0 file(s) Deleted 
03:00:02 [INFO] IDX:[0] ReqKeyType:[7] Key File Version 4
03:00:02 [DEBUG] ==================================================
03:00:02 [DEBUG] AKS connect (172.26.21.70, 62000)
03:00:02 [DEBUG] downloadConfirmInfo - getHostAddress() : 172.26.102.72, getHostName() : stovepay-Dooray-ec2-drm-a-01
03:00:02 [DEBUG] SCKMClient - sendPacket
03:00:02 [DEBUG] SCKMClient - receivePacket
03:00:02 [DEBUG] SCKMClient - receivePacket Packet Size : 165
03:00:02 [DEBUG] =================== Server Confirm Info =====================
03:00:02 [DEBUG] printConfirmInfo - confirmInfo.getCount() : 1
03:00:02 [DEBUG] --------------------------------------------------
03:00:02 [DEBUG] DDT_SERVICEID : 02
03:00:02 [DEBUG] DDT_SERVICENAME : 두레이
03:00:02 [DEBUG] DDT_STANDARDTIME : 3
03:00:02 [DEBUG] DDT_PERIOD : 24
03:00:02 [DEBUG] DDT_VALIDTIME : 99
03:00:02 [DEBUG] DDT_USE_SERVICELINKER : 1
03:00:02 [DEBUG] =================== Server Confirm Info =====================
03:00:02 [DEBUG] AKS disconnect (172.26.21.70, 62000)
03:00:02 [INFO] REQUEST KeyFileType : 1, Version :4 Filename : [/home/dooray/ServiceLinker_File/04_KeyFile/key0.sc]
03:00:02 [DEBUG] downloadAndSave : KeyFile Version 4 [1]
03:00:02 [INFO] keyManagerAuthType : 0
03:00:02 [INFO] hostMaxLength : 15
03:00:02 [INFO] KeyFile Download (RequestKeyCountAtOnce) : 1000
03:00:02 [INFO] KeyFile Download tmpSaveFile : /home/dooray/ServiceLinker_File/04_KeyFile/key0.sc.tmp.tmp
03:00:02 [DEBUG] ==================================================
03:00:02 [DEBUG] AKS connect (172.26.21.70, 62000)
03:00:02 [DEBUG] downloadAndSave - DDT_LAST_TARGET_ID : new byte[0]
03:00:02 [DEBUG] SCKMClient - sendPacket
03:00:02 [DEBUG] SCKMClient - receivePacket
03:00:02 [DEBUG] SCKMClient - receivePacket Packet Size : 467
03:00:02 [DEBUG] =================== Key Server Info =====================
03:00:02 [DEBUG] SERVER_ID : SPDS-1E3B-FEC3-A677-0001
03:00:02 [DEBUG] SERVER_NAME : 스토브페이
03:00:02 [DEBUG] BACKUPTIME : 2025-11-12 02:59:52
03:00:02 [DEBUG] =================== Key Server Info =====================
03:00:02 [INFO] cipher AES : Created
03:00:02 [INFO] cipher getSystemIP[-84.0.0.0.26.0.0.0.102.0.0.0.72.0.0.0.]
03:00:02 [DEBUG] DDT_COUNT_CATEGORYKEY : 1
03:00:02 [DEBUG] downloadAndSave - DSDataType.DDT_OPT_STARTEND : 1
03:00:02 [DEBUG] AKS disconnect (172.26.21.70, 62000)
03:00:02 [DEBUG] SCKMDaemon - Total receivePacket Packet Size(RequestKeyCount) : 467
03:00:02 [INFO] checkKeyFile - :key0.sc.tmp.tmp:
03:00:02 [INFO] keyManagerAuthType : 0
03:00:02 [INFO] hostMaxLength : 15
03:00:02 [INFO] cipher DEC AES : Created
03:00:02 [INFO] cipher getSystemIP[-84.0.0.0.26.0.0.0.102.0.0.0.72.0.0.0.]
03:00:02 [INFO] checkKeyFile - : comapre file 1 : /home/dooray/ServiceLinker_File/04_KeyFile/key0.sc.tmp.tmp.pln
03:00:02 [INFO] checkKeyFile - : comapre file 2 : /home/dooray/ServiceLinker_File/04_KeyFile/key0.sc.tmp.tmp.pln2
03:00:02 [INFO] checkKeyFile - : (compare success)
03:00:02 [INFO] verifyKey : success
03:00:02 [INFO] verifyKey() success - key0.sc.tmp.tmp
03:00:02 [DEBUG] key0.sc.tmp file saved.
03:00:02 [DEBUG] key0.sc.tmp - BACKUP_TIME : 2025-11-12 02:59:52
03:00:02 [DEBUG] key0.sc.tmp - LAST_MODIFIED : 2025-11-12 03:00:12
03:00:02 [INFO] REQUEST KeyFile : [4] [key0.sc.tmp] KeyType [1] TotalKeyCount : 1
03:00:02 [INFO] backupKeyFile - key0.sc.backup
03:00:02 [INFO] currKeyFile - key0.sc
03:00:02 [INFO] newDownFile - key0.sc.tmp
03:00:02 [DEBUG] Previous backup file[key0.sc.backup] delete success. 
03:00:02 [DEBUG] Download Key file[key0.sc.tmp]->[key0.sc] rename success. 
03:00:02 [INFO] ContainKeyFile :: [20251112030002]key0.sc success. 
03:00:02 [INFO] REQUEST KeyFileType : 1, Version :4 Filename : [key0.sc] Download Success
03:00:02 [DEBUG] ==================================================
03:00:02 [DEBUG] AKS connect (172.26.21.70, 62000)
03:00:02 [DEBUG] downloadConfirmInfo - getHostAddress() : 172.26.102.72, getHostName() : stovepay-Dooray-ec2-drm-a-01
03:00:02 [DEBUG] SCKMClient - sendPacket
03:00:02 [DEBUG] SCKMClient - receivePacket
03:00:02 [DEBUG] SCKMClient - receivePacket Packet Size : 165
03:00:02 [DEBUG] =================== Server Confirm Info =====================
03:00:02 [DEBUG] printConfirmInfo - confirmInfo.getCount() : 1
03:00:02 [DEBUG] --------------------------------------------------
03:00:02 [DEBUG] DDT_SERVICEID : 02
03:00:02 [DEBUG] DDT_SERVICENAME : 두레이
03:00:02 [DEBUG] DDT_STANDARDTIME : 3
03:00:02 [DEBUG] DDT_PERIOD : 24
03:00:02 [DEBUG] DDT_VALIDTIME : 99
03:00:02 [DEBUG] DDT_USE_SERVICELINKER : 1
03:00:02 [DEBUG] =================== Server Confirm Info =====================
03:00:02 [DEBUG] AKS disconnect (172.26.21.70, 62000)
03:00:02 [INFO] REQUEST KeyFileType : 6, Version :4 Filename : [/home/dooray/ServiceLinker_File/04_KeyFile/keyDAC_SVR0.sc]
03:00:02 [DEBUG] downloadAndSave : KeyFile Version 4 [6]
03:00:02 [INFO] keyManagerAuthType : 0
03:00:02 [INFO] hostMaxLength : 15
03:00:02 [INFO] KeyFile Download (RequestKeyCountAtOnce) : 1000
03:00:02 [INFO] KeyFile Download tmpSaveFile : /home/dooray/ServiceLinker_File/04_KeyFile/keyDAC_SVR0.sc.tmp.tmp
03:00:02 [DEBUG] ==================================================
03:00:02 [DEBUG] AKS connect (172.26.21.70, 62000)
03:00:02 [DEBUG] downloadAndSave - DDT_LAST_TARGET_ID : new byte[0]
03:00:02 [DEBUG] SCKMClient - sendPacket
03:00:02 [DEBUG] SCKMClient - receivePacket
03:00:02 [DEBUG] SCKMClient - receivePacket Packet Size : 15943
03:00:02 [DEBUG] =================== Key Server Info =====================
03:00:02 [DEBUG] SERVER_ID : SPDS-1E3B-FEC3-A677-0001
03:00:02 [DEBUG] SERVER_NAME : 스토브페이
03:00:02 [DEBUG] BACKUPTIME : 2025-11-12 02:59:52
03:00:02 [DEBUG] =================== Key Server Info =====================
03:00:02 [INFO] cipher AES : Created
03:00:02 [INFO] cipher getSystemIP[-84.0.0.0.26.0.0.0.102.0.0.0.72.0.0.0.]
03:00:02 [DEBUG] DDT_COUNT_USERKEY : 39
03:00:02 [DEBUG] DDT_COUNT_GROUPKEY : 32
03:00:02 [DEBUG] downloadAndSave - DSDataType.DDT_OPT_STARTEND : 1
03:00:02 [DEBUG] AKS disconnect (172.26.21.70, 62000)
03:00:02 [DEBUG] SCKMDaemon - Total receivePacket Packet Size(RequestKeyCount) : 15943
03:00:02 [INFO] checkKeyFile - :keyDAC_SVR0.sc.tmp.tmp:
03:00:02 [INFO] keyManagerAuthType : 0
03:00:02 [INFO] hostMaxLength : 15
03:00:02 [INFO] cipher DEC AES : Created
03:00:02 [INFO] cipher getSystemIP[-84.0.0.0.26.0.0.0.102.0.0.0.72.0.0.0.]
03:00:02 [INFO] checkKeyFile - : comapre file 1 : /home/dooray/ServiceLinker_File/04_KeyFile/keyDAC_SVR0.sc.tmp.tmp.pln
03:00:02 [INFO] checkKeyFile - : comapre file 2 : /home/dooray/ServiceLinker_File/04_KeyFile/keyDAC_SVR0.sc.tmp.tmp.pln2
03:00:02 [INFO] checkKeyFile - : (compare success)
03:00:02 [INFO] verifyKey : success
03:00:02 [INFO] verifyKey() success - keyDAC_SVR0.sc.tmp.tmp
03:00:02 [DEBUG] keyDAC_SVR0.sc.tmp file saved.
03:00:02 [DEBUG] keyDAC_SVR0.sc.tmp - BACKUP_TIME : 2025-11-12 02:59:52
03:00:02 [DEBUG] keyDAC_SVR0.sc.tmp - LAST_MODIFIED : 2025-11-12 03:00:12
03:00:02 [INFO] REQUEST KeyFile : [4] [keyDAC_SVR0.sc.tmp] KeyType [6] TotalKeyCount : 71
03:00:02 [INFO] backupKeyFile - keyDAC_SVR0.sc.backup
03:00:02 [INFO] currKeyFile - keyDAC_SVR0.sc
03:00:02 [INFO] newDownFile - keyDAC_SVR0.sc.tmp
03:00:02 [DEBUG] Previous backup file[keyDAC_SVR0.sc.backup] delete success. 
03:00:02 [DEBUG] Download Key file[keyDAC_SVR0.sc.tmp]->[keyDAC_SVR0.sc] rename success. 
03:00:02 [INFO] ContainKeyFile :: [20251112030002]keyDAC_SVR0.sc success. 
03:00:02 [INFO] REQUEST KeyFileType : 6, Version :4 Filename : [keyDAC_SVR0.sc] Download Success
03:00:02 [DEBUG] ==================================================
03:00:02 [DEBUG] AKS connect (172.26.21.70, 62000)
03:00:02 [DEBUG] downloadConfirmInfo - getHostAddress() : 172.26.102.72, getHostName() : stovepay-Dooray-ec2-drm-a-01
03:00:02 [DEBUG] SCKMClient - sendPacket
03:00:02 [DEBUG] SCKMClient - receivePacket
03:00:02 [DEBUG] SCKMClient - receivePacket Packet Size : 165
03:00:02 [DEBUG] =================== Server Confirm Info =====================
03:00:02 [DEBUG] printConfirmInfo - confirmInfo.getCount() : 1
03:00:02 [DEBUG] --------------------------------------------------
03:00:02 [DEBUG] DDT_SERVICEID : 02
03:00:02 [DEBUG] DDT_SERVICENAME : 두레이
03:00:02 [DEBUG] DDT_STANDARDTIME : 3
03:00:02 [DEBUG] DDT_PERIOD : 24
03:00:02 [DEBUG] DDT_VALIDTIME : 99
03:00:02 [DEBUG] DDT_USE_SERVICELINKER : 1
03:00:02 [DEBUG] =================== Server Confirm Info =====================
03:00:02 [DEBUG] AKS disconnect (172.26.21.70, 62000)
03:00:02 [INFO] REQUEST KeyFileType : 8, Version :4 Filename : [/home/dooray/ServiceLinker_File/04_KeyFile/Grade0.sc]
03:00:02 [DEBUG] downloadAndSave : KeyFile Version 4 [8]
03:00:02 [INFO] keyManagerAuthType : 0
03:00:02 [INFO] hostMaxLength : 15
03:00:02 [INFO] KeyFile Download (RequestKeyCountAtOnce) : 1000
03:00:02 [INFO] KeyFile Download tmpSaveFile : /home/dooray/ServiceLinker_File/04_KeyFile/Grade0.sc.tmp.tmp
03:00:02 [DEBUG] ==================================================
03:00:02 [DEBUG] AKS connect (172.26.21.70, 62000)
03:00:02 [DEBUG] downloadAndSave - DDT_LAST_TARGET_ID : new byte[0]
03:00:02 [DEBUG] SCKMClient - sendPacket
03:00:02 [DEBUG] SCKMClient - receivePacket
03:00:02 [DEBUG] SCKMClient - receivePacket Packet Size : 571
03:00:02 [DEBUG] =================== Key Server Info =====================
03:00:02 [DEBUG] SERVER_ID : SPDS-1E3B-FEC3-A677-0001
03:00:02 [DEBUG] SERVER_NAME : 스토브페이
03:00:02 [DEBUG] BACKUPTIME : 2025-11-12 02:59:52
03:00:02 [DEBUG] =================== Key Server Info =====================
03:00:02 [INFO] cipher AES : Created
03:00:02 [INFO] cipher getSystemIP[-84.0.0.0.26.0.0.0.102.0.0.0.72.0.0.0.]
03:00:02 [DEBUG] DDT_COUNT_GRADEKEY : 1
03:00:02 [DEBUG] downloadAndSave - DSDataType.DDT_OPT_STARTEND : 1
03:00:02 [DEBUG] AKS disconnect (172.26.21.70, 62000)
03:00:02 [DEBUG] SCKMDaemon - Total receivePacket Packet Size(RequestKeyCount) : 571
03:00:02 [INFO] checkKeyFile - :Grade0.sc.tmp.tmp:
03:00:02 [INFO] keyManagerAuthType : 0
03:00:02 [INFO] hostMaxLength : 15
03:00:02 [INFO] cipher DEC AES : Created
03:00:02 [INFO] cipher getSystemIP[-84.0.0.0.26.0.0.0.102.0.0.0.72.0.0.0.]
03:00:02 [INFO] checkKeyFile - : comapre file 1 : /home/dooray/ServiceLinker_File/04_KeyFile/Grade0.sc.tmp.tmp.pln
03:00:02 [INFO] checkKeyFile - : comapre file 2 : /home/dooray/ServiceLinker_File/04_KeyFile/Grade0.sc.tmp.tmp.pln2
03:00:02 [INFO] checkKeyFile - : (compare success)
03:00:02 [INFO] verifyKey : success
03:00:02 [INFO] verifyKey() success - Grade0.sc.tmp.tmp
03:00:02 [DEBUG] Grade0.sc.tmp file saved.
03:00:02 [DEBUG] Grade0.sc.tmp - BACKUP_TIME : 2025-11-12 02:59:52
03:00:02 [DEBUG] Grade0.sc.tmp - LAST_MODIFIED : 2025-11-12 03:00:12
03:00:02 [INFO] REQUEST KeyFile : [4] [Grade0.sc.tmp] KeyType [8] TotalKeyCount : 1
03:00:02 [INFO] backupKeyFile - Grade0.sc.backup
03:00:02 [INFO] currKeyFile - Grade0.sc
03:00:02 [INFO] newDownFile - Grade0.sc.tmp
03:00:02 [DEBUG] Previous backup file[Grade0.sc.backup] delete success. 
03:00:02 [DEBUG] Download Key file[Grade0.sc.tmp]->[Grade0.sc] rename success. 
03:00:02 [INFO] ContainKeyFile :: [20251112030002]Grade0.sc success. 
03:00:02 [INFO] REQUEST KeyFileType : 8, Version :4 Filename : [Grade0.sc] Download Success
